<?xml version="1.0" encoding="UTF-8"?>
<!-- Generated by org.testng.reporters.JUnitXMLReporter -->
<testsuite ignored="1" hostname="PUNITP164011L" failures="0" tests="9" name="Car Loan" time="0.124" errors="0" timestamp="2022-04-09T20:59:39 IST">
  <testcase classname="test.day3" name="mobileLoginCarLoan" time="0.013"/>
  <testcase classname="test.day3" name="mobileLogoutCarLoan" time="0.004"/>
  <testcase classname="test.day3" name="webLoginCarLoan" time="0.002"/>
  <testcase classname="test.day4" name="apiLoginHomeLoan" time="0.002"/>
  <testcase classname="test.day4" name="apiLogoutHomeLoan" time="0.002"/>
  <testcase classname="test.day4" name="apiLogoutHomeLoan" time="0.002"/>
  <testcase classname="test.day4" name="apiLogoutHomeLoan" time="0.01"/>
  <testcase classname="test.day4" name="mobileLoginHomeLoan" time="0.005"/>
  <testcase classname="test.day3" name="apiLoginCarLoan" time="0.003"/>
  <testcase classname="test.day4" name="webLoginHomeLoan" time="0.0">
    <ignored/>
  </testcase> <!-- webLoginHomeLoan -->
</testsuite> <!-- Car Loan -->
