<?xml version="1.0" encoding="UTF-8"?>
<!-- Generated by org.testng.reporters.JUnitXMLReporter -->
<testsuite ignored="7" hostname="PUNITP164011L" failures="0" tests="3" name="Regression" time="0.048" errors="0" timestamp="2022-04-09T18:46:51 IST">
  <testcase classname="test.day1" name="demo1" time="0.007"/>
  <testcase classname="test.day2" name="demo1" time="0.001"/>
  <testcase classname="test.day3" name="mobileLoginCarLoan" time="0.001"/>
  <testcase classname="test.day1" name="demo2" time="0.0">
    <ignored/>
  </testcase> <!-- demo2 -->
  <testcase classname="test.day4" name="mobileLoginHomeLoan" time="0.0">
    <ignored/>
  </testcase> <!-- mobileLoginHomeLoan -->
  <testcase classname="test.day3" name="mobileLogoutCarLoan" time="0.0">
    <ignored/>
  </testcase> <!-- mobileLogoutCarLoan -->
  <testcase classname="test.day4" name="webLoginHomeLoan" time="0.0">
    <ignored/>
  </testcase> <!-- webLoginHomeLoan -->
  <testcase classname="test.day4" name="apiLoginHomeLoan" time="0.0">
    <ignored/>
  </testcase> <!-- apiLoginHomeLoan -->
  <testcase classname="test.day3" name="webLoginCarLoan" time="0.0">
    <ignored/>
  </testcase> <!-- webLoginCarLoan -->
  <testcase classname="test.day3" name="apiLoginCarLoan" time="0.0">
    <ignored/>
  </testcase> <!-- apiLoginCarLoan -->
</testsuite> <!-- Regression -->
