<?xml version="1.0" encoding="UTF-8"?>
<testng-results ignored="0" total="1" passed="1" failed="0" skipped="0">
  <reporter-output>
  </reporter-output>
  <suite started-at="2022-05-12T05:37:00 IST" name="Default suite" finished-at="2022-05-12T05:37:02 IST" duration-ms="2703">
    <groups>
    </groups>
    <test started-at="2022-05-12T05:37:00 IST" name="Default test" finished-at="2022-05-12T05:37:02 IST" duration-ms="2703">
      <class name="datadriven.ExcelDriven">
        <test-method signature="addBook()[pri:0, instance:datadriven.ExcelDriven@5223e5ee]" started-at="2022-05-12T05:37:00 IST" name="addBook" finished-at="2022-05-12T05:37:02 IST" duration-ms="2673" status="PASS">
          <reporter-output>
          </reporter-output>
        </test-method> <!-- addBook -->
      </class> <!-- datadriven.ExcelDriven -->
    </test> <!-- Default test -->
  </suite> <!-- Default suite -->
</testng-results>
